dpkg-buildpackage: info: source package php-vitexsoftware-ease-core
dpkg-buildpackage: info: source version 1.51.0
dpkg-buildpackage: info: source distribution unstable
dpkg-buildpackage: info: source changed by vitex <info@vitexsoftware.cz>
 dpkg-source --before-build .
dpkg-buildpackage: info: host architecture amd64
 debian/rules clean
dh clean --with phpcomposer
   dh_auto_clean
	make -j8 clean
make[1]: Entering directory '/home/vitex/Projects/VitexSoftware/php-vitexsoftware-ease-core'
rm -rf vendor composer.lock
rm -rf debian/php-vitexsoftware-ease-core
rm -rf debian/php-vitexsoftware-ease-core-doc
rm -rf debian/*.log debian/tmp
rm -rf docs/*
make[1]: Leaving directory '/home/vitex/Projects/VitexSoftware/php-vitexsoftware-ease-core'
   dh_clean
 dpkg-source -b .
dpkg-source: info: using source format '3.0 (native)'
dpkg-source: info: building php-vitexsoftware-ease-core in php-vitexsoftware-ease-core_1.51.0.tar.xz
dpkg-source: info: building php-vitexsoftware-ease-core in php-vitexsoftware-ease-core_1.51.0.dsc
 debian/rules binary
dh binary --with phpcomposer
   dh_update_autotools_config
   dh_autoreconf
   dh_auto_configure
   debian/rules override_dh_auto_build
make[1]: Entering directory '/home/vitex/Projects/VitexSoftware/php-vitexsoftware-ease-core'
dh_auto_build
	make -j8 "INSTALL=install --strip-program=true"
make[2]: Entering directory '/home/vitex/Projects/VitexSoftware/php-vitexsoftware-ease-core'
[32mapigen                        [0m Build Apigen documentation
[32mclean                         [0m remove unneeded files
[32mcomposer                      [0m Update PHP dependencies
[32mcs                            [0m Normalizes composer.json with ergebnis/composer-normalize and fixes code style issues with friendsofphp/php-cs-fixer
[32mdeb                           [0m Build Debian package
[32mdimage                        [0m Build docker image
[32mhelp                          [0m Displays this list of targets with descriptions
[32mphpunit                       [0m Testing by PHPUnit
[32mrpm                           [0m Build RedHat package
[32mstatic-code-analysis-baseline [0m Generates a baseline for static code analysis with phpstan/phpstan
[32mstatic-code-analysis          [0m Runs a static code analysis with phpstan/phpstan
[32mvendor                        [0m Installs composer dependencies
make[2]: Leaving directory '/home/vitex/Projects/VitexSoftware/php-vitexsoftware-ease-core'
# Build compiled message catalogs for test i18n
if which msgfmt >/dev/null 2>&1; then \
  mkdir -p debian/php-vitexsoftware-ease-core-dev/usr/share/php/EaseCore/Test/i18n/cs_CZ/LC_MESSAGES/; \
  mkdir -p debian/php-vitexsoftware-ease-core-dev/usr/share/php/EaseCore/Test/i18n/en_US/LC_MESSAGES/; \
  mkdir -p debian/php-vitexsoftware-ease-core-dev/usr/share/php/EaseCore/Test/i18n/eo/LC_MESSAGES/; \
  mkdir -p i18n/cs_CZ/LC_MESSAGES/; \
  mkdir -p i18n/en_US/LC_MESSAGES/; \
  mkdir -p i18n/eo/LC_MESSAGES/; \
  find i18n -type f -name 'php-vitexsoftware-ease-core.po' -print0 \
    | xargs -0 -r -I{} sh -c 'dest="$(dirname "{}")/php-vitexsoftware-ease-core.mo"; msgfmt -o "$dest" "{}"'; \
fi
make[1]: Leaving directory '/home/vitex/Projects/VitexSoftware/php-vitexsoftware-ease-core'
   debian/rules override_dh_auto_test
make[1]: Entering directory '/home/vitex/Projects/VitexSoftware/php-vitexsoftware-ease-core'
# Note: Tests may require dependencies. If needed, install them via debian/control Build-Depends
# instead of using composer update. For now, skip tests or ensure dependencies are available.
# composer update removed - autoloader now generated by phpab in override_dh_install
# ./vendor/bin/phpunit --bootstrap tests/Bootstrap.php 
dh_auto_test
make[1]: Leaving directory '/home/vitex/Projects/VitexSoftware/php-vitexsoftware-ease-core'
   create-stamp debian/debhelper-build-stamp
   dh_prep
   dh_auto_install
   debian/rules override_dh_install
make[1]: Entering directory '/home/vitex/Projects/VitexSoftware/php-vitexsoftware-ease-core'
dh_install
echo "require_once 'Mail.php';"  >> debian/php-vitexsoftware-ease-core/usr/share/php/EaseCore/Mailer.php
echo "require_once 'Mail/mime.php';" >> debian/php-vitexsoftware-ease-core/usr/share/php/EaseCore/Mailer.php
sed -i -e 's/..\/vendor/\/var\/lib\/php-vitexsoftware-ease-core/g' 	debian/php-vitexsoftware-ease-core-dev/usr/share/doc/php-vitexsoftware-ease-core-dev/SendTestMail.php
sed -i -e 's/..\/i18n/\/usr\/share\/locale/g'            	        debian/php-vitexsoftware-ease-core/usr/share/php/EaseCore/Locale.php
sed -i -e 's/.\/i18n/\/usr\/share\/php\/EaseCore\/Test\/i18n/g' debian/php-vitexsoftware-ease-core-dev/usr/share/php/EaseCore/Test/Ease/LocaleTest.php
sed -i -e 's/tests\/.env/\/usr\/share\/php\/EaseCore\/Test\/.env/g' debian/php-vitexsoftware-ease-core-dev/usr/share/php/EaseCore/Test/Ease/SharedTest.php
sed -i -e 's/tests\/configtest.json/\/usr\/share\/php\/EaseCore\/Test\/configtest.json/g' debian/php-vitexsoftware-ease-core-dev/usr/share/php/EaseCore/Test/Ease/SharedTest.php
sed -i 's/vitexsoftware/deb/' debian/php-vitexsoftware-ease-core/usr/share/php/EaseCore/Logger/Logging.php
PKG_VERSION=`dpkg-parsechangelog | sed -n 's/^Version: //p'| sed 's/~.*//'`; \
jq ".version = \"$PKG_VERSION\"" debian/composer.json |sponge debian/php-vitexsoftware-ease-core/usr/share/php/EaseCore/composer.json; \
sed -i -e "s/'0.0.0'/'$PKG_VERSION'/g" debian/php-vitexsoftware-ease-core/usr/share/php/EaseCore/Shared.php; \
sed -i -e "s/'n\/a'/'$PKG_VERSION'/g" debian/php-vitexsoftware-ease-core/usr/share/php/EaseCore/Logger/Logging.php
phpab --output debian/php-vitexsoftware-ease-core/usr/share/php/EaseCore/autoload.php \
	--basedir debian/php-vitexsoftware-ease-core/usr/share/php/EaseCore \
	--tolerant \
	debian/php-vitexsoftware-ease-core/usr/share/php/EaseCore
phpab %development% - Copyright (C) 2009 - 2026 by Arne Blankerts and Contributors

Scanning directory debian/php-vitexsoftware-ease-core/usr/share/php/EaseCore

Autoload file debian/php-vitexsoftware-ease-core/usr/share/php/EaseCore/autoload.php generated.

install -m0755 -d debian/php-vitexsoftware-ease-core/usr/share/pkg-php-tools/autoloaders
echo 'deb ease-core EaseCore/autoload.php' > debian/php-vitexsoftware-ease-core/usr/share/pkg-php-tools/autoloaders/php-vitexsoftware-ease-core
make[1]: Leaving directory '/home/vitex/Projects/VitexSoftware/php-vitexsoftware-ease-core'
   dh_installdocs
   dh_installchangelogs
   dh_perl
   debian/rules override_dh_phpcomposer
make[1]: Entering directory '/home/vitex/Projects/VitexSoftware/php-vitexsoftware-ease-core'
mv composer.json composer.json.bak
jq 'del(.require["composer-runtime-api"])' composer.json.bak > composer.json
dh_phpcomposer
Branch alias mapped to "*" require-dev:roave/security-advisories (dev-latest) in file "/home/vitex/Projects/VitexSoftware/php-vitexsoftware-ease-core/composer.json".
Override: require:pear/mail (>= 2.0.0) -> require:__override__/php-mail.
Override: require:pear/mail_mime (>= 1.10.12) -> require:__override__/php-mail-mime.
Override: require-dev:phpunit/phpunit -> require-dev:__override__/phpunit.
Branch alias mapped to "*" require-dev:roave/security-advisories (dev-latest) in file "/home/vitex/Projects/VitexSoftware/php-vitexsoftware-ease-core/composer.json".
Override: require:pear/mail (>= 2.0.0) -> require:__override__/php-mail.
Override: require:pear/mail_mime (>= 1.10.12) -> require:__override__/php-mail-mime.
Override: require-dev:phpunit/phpunit -> require-dev:__override__/phpunit.
mv composer.json.bak composer.json
make[1]: Leaving directory '/home/vitex/Projects/VitexSoftware/php-vitexsoftware-ease-core'
   dh_link
   dh_strip_nondeterminism
	Normalized debian/php-vitexsoftware-ease-core/usr/share/locale/cs_CZ/LC_MESSAGES/php-vitexsoftware-ease-core.mo
	Normalized debian/php-vitexsoftware-ease-core/usr/share/locale/en_US/LC_MESSAGES/php-vitexsoftware-ease-core.mo
	Normalized debian/php-vitexsoftware-ease-core/usr/share/locale/eo/LC_MESSAGES/php-vitexsoftware-ease-core.mo
   dh_compress
   dh_fixperms
   dh_missing
   dh_installdeb
   dh_gencontrol
dpkg-gencontrol: warning: package php-vitexsoftware-ease-core: substitution variable ${phpcomposer:Debian-conflict} unused, but is defined
dpkg-gencontrol: warning: package php-vitexsoftware-ease-core: substitution variable ${phpcomposer:Debian-require-dev} unused, but is defined
dpkg-gencontrol: warning: package php-vitexsoftware-ease-core: substitution variable ${phpcomposer:description} unused, but is defined
dpkg-gencontrol: warning: package php-vitexsoftware-ease-core: substitution variable ${phpcomposer:name} unused, but is defined
dpkg-gencontrol: warning: package php-vitexsoftware-ease-core-dev: substitution variable ${phpcomposer:Debian-conflict} unused, but is defined
dpkg-gencontrol: warning: package php-vitexsoftware-ease-core-dev: substitution variable ${phpcomposer:Debian-require} unused, but is defined
dpkg-gencontrol: warning: package php-vitexsoftware-ease-core-dev: substitution variable ${phpcomposer:Debian-require-dev} unused, but is defined
dpkg-gencontrol: warning: package php-vitexsoftware-ease-core-dev: substitution variable ${phpcomposer:description} unused, but is defined
dpkg-gencontrol: warning: package php-vitexsoftware-ease-core-dev: substitution variable ${phpcomposer:name} unused, but is defined
   dh_md5sums
   dh_builddeb
dpkg-deb: building package 'php-vitexsoftware-ease-core' in '../php-vitexsoftware-ease-core_1.51.0_all.deb'.
dpkg-deb: building package 'php-vitexsoftware-ease-core-dev' in '../php-vitexsoftware-ease-core-dev_1.51.0_all.deb'.
 dpkg-genbuildinfo -O../php-vitexsoftware-ease-core_1.51.0_amd64.buildinfo
 dpkg-genchanges -O../php-vitexsoftware-ease-core_1.51.0_amd64.changes
dpkg-genchanges: info: including full source code in upload
 dpkg-source --after-build .
dpkg-buildpackage: info: full upload; Debian-native package (full source is included)
